


ARM Macro Assembler    Page 1 


    1 00000000                 AREA             RESET, DATA, READONLY
    2 00000000                 EXPORT           __Vectors
    3 00000000         __Vectors
    4 00000000 10001000        DCD              0X10001000
    5 00000004 00000000        DCD              Reset_Handler
    6 00000008                 ALIGN
    7 00000008                 AREA             mycode, CODE, READONLY
    8 00000000                 ENTRY
    9 00000000                 EXPORT           Reset_Handler
   10 00000000         Reset_Handler
   11 00000000 4815            LDR              R0, =ARR
   12 00000002 6805            LDR              R5, [R0]
   13 00000004 F8DF 9054       LDR              R9, =DST
   14 00000008 F8C9 5000       STR              R5, [R9]    ;to store the ARR i
                                                            n DST
   15 0000000C 7905            LDRB             R5, [R0, #4]
   16 0000000E F889 5004       STRB             R5, [R9, #4]
   17 00000012         
   18 00000012 F04F 0204       MOV              R2, #4
   19 00000016 F04F 0300       MOV              R3, #0      ;i=0
   20 0000001A         
   21 0000001A 461C    L3      MOV              R4, R3      ;stores min_index
   22 0000001C F103 0501       ADD              R5, R3, #1  ;j=i+1
   23 00000020         
   24 00000020 F819 6004 
                       L2      LDRB             R6, [R9, R4] ;a[min]
   25 00000024 F819 7005       LDRB             R7, [R9, R5] ;a[j]
   26 00000028 42B7            CMP              R7, R6
   27 0000002A D200            BHS              L1
   28 0000002C 462C            MOV              R4, R5
   29 0000002E         
   30 0000002E F105 0501 
                       L1      ADD              R5, #1      ;j=j+1
   31 00000032 2D05            CMP              R5, #5
   32 00000034 DBF4            BLT              L2
   33 00000036 F819 6003       LDRB             R6, [R9,R3] ;SWAPPING
   34 0000003A F819 7004       LDRB             R7, [R9,R4]
   35 0000003E F809 6004       STRB             R6, [R9,R4]
   36 00000042 F809 7003       STRB             R7, [R9,R3]
   37 00000046         
   38 00000046 F103 0301       ADD              R3, #1
   39 0000004A 4293            CMP              R3, R2
   40 0000004C DBE5            BLT              L3
   41 0000004E E7FE    STOP    B                STOP
   42 00000050 01 05 02 
              08 03    ARR     DCB              1,5,2,8,3
   43 00000055 00 00 00 
              00000000 
              00000000         AREA             mydata, DATA, READWRITE
   44 00000000 00 00 00 
              00 00    DST     DCB              0,0,0,0,0
   45 00000005                 END
Command Line: --debug --xref --cpu=Cortex-M3 --apcs=interwork --depend=.\q1.d -
o.\q1.o -IC:\Keil\ARM\RV31\INC -IC:\Keil\ARM\CMSIS\Include -IC:\Keil\ARM\Inc\NX
P\LPC17xx --predefine="__EVAL SETA 1" --list=.\q1.lst q1.s



ARM Macro Assembler    Page 1 Alphabetic symbol ordering
Relocatable symbols

RESET 00000000

Symbol: RESET
   Definitions
      At line 1 in file q1.s
   Uses
      None
Comment: RESET unused
__Vectors 00000000

Symbol: __Vectors
   Definitions
      At line 3 in file q1.s
   Uses
      At line 2 in file q1.s
Comment: __Vectors used once
2 symbols



ARM Macro Assembler    Page 1 Alphabetic symbol ordering
Relocatable symbols

ARR 00000050

Symbol: ARR
   Definitions
      At line 42 in file q1.s
   Uses
      At line 11 in file q1.s
Comment: ARR used once
L1 0000002E

Symbol: L1
   Definitions
      At line 30 in file q1.s
   Uses
      At line 27 in file q1.s
Comment: L1 used once
L2 00000020

Symbol: L2
   Definitions
      At line 24 in file q1.s
   Uses
      At line 32 in file q1.s
Comment: L2 used once
L3 0000001A

Symbol: L3
   Definitions
      At line 21 in file q1.s
   Uses
      At line 40 in file q1.s
Comment: L3 used once
Reset_Handler 00000000

Symbol: Reset_Handler
   Definitions
      At line 10 in file q1.s
   Uses
      At line 5 in file q1.s
      At line 9 in file q1.s

STOP 0000004E

Symbol: STOP
   Definitions
      At line 41 in file q1.s
   Uses
      At line 41 in file q1.s
Comment: STOP used once
mycode 00000000

Symbol: mycode
   Definitions
      At line 7 in file q1.s
   Uses
      None
Comment: mycode unused
7 symbols



ARM Macro Assembler    Page 1 Alphabetic symbol ordering
Relocatable symbols

DST 00000000

Symbol: DST
   Definitions
      At line 44 in file q1.s
   Uses
      At line 13 in file q1.s
Comment: DST used once
mydata 00000000

Symbol: mydata
   Definitions
      At line 43 in file q1.s
   Uses
      None
Comment: mydata unused
2 symbols
344 symbols in table
