


ARM Macro Assembler    Page 1 


    1 00000000                 AREA             RESET, DATA, READONLY
    2 00000000                 EXPORT           __Vectors
    3 00000000         __Vectors
    4 00000000 10001000        DCD              0X10001000
    5 00000004 00000000        DCD              Reset_Handler
    6 00000008                 ALIGN
    7 00000008                 AREA             mycode, CODE, READONLY
    8 00000000                 ENTRY
    9 00000000                 EXPORT           Reset_Handler
   10 00000000         Reset_Handler
   11 00000000 480C            LDR              R0, =NUM
   12 00000002 6801            LDR              R1, [R0]
   13 00000004 4A0C            LDR              R2, =DST
   14 00000006 F000 F802       BL               FACT
   15 0000000A 6011            STR              R1, [R2]
   16 0000000C E7FE    STOP    B                STOP
   17 0000000E B508    FACT    PUSH             {R3, LR}
   18 00000010 460B            MOV              R3, R1
   19 00000012 2900            CMP              R1, #0
   20 00000014 D102            BNE              DOWN
   21 00000016 F04F 0101       MOV              R1, #1
   22 0000001A E005            B                DOWN1
   23 0000001C F1A1 0101 
                       DOWN    SUB              R1, #1
   24 00000020 F7FF FFF5       BL               FACT
   25 00000024 FB01 F103       MUL              R1, R3
   26 00000028 E8BD 4008 
                       DOWN1   POP              {R3, LR}
   27 0000002C 4770            BX               LR
   28 0000002E 00 00 00000006 
                       NUM     DCD              6
   29 00000034 00000000 
              00000000         AREA             mydata, DATA, READWRITE
   30 00000000 00000000 
                       DST     DCD              0
   31 00000004                 END
Command Line: --debug --xref --cpu=Cortex-M3 --apcs=interwork --depend=.\q2.d -
o.\q2.o -IC:\Keil\ARM\RV31\INC -IC:\Keil\ARM\CMSIS\Include -IC:\Keil\ARM\Inc\NX
P\LPC17xx --predefine="__EVAL SETA 1" --list=.\q2.lst q2.s



ARM Macro Assembler    Page 1 Alphabetic symbol ordering
Relocatable symbols

RESET 00000000

Symbol: RESET
   Definitions
      At line 1 in file q2.s
   Uses
      None
Comment: RESET unused
__Vectors 00000000

Symbol: __Vectors
   Definitions
      At line 3 in file q2.s
   Uses
      At line 2 in file q2.s
Comment: __Vectors used once
2 symbols



ARM Macro Assembler    Page 1 Alphabetic symbol ordering
Relocatable symbols

DOWN 0000001C

Symbol: DOWN
   Definitions
      At line 23 in file q2.s
   Uses
      At line 20 in file q2.s
Comment: DOWN used once
DOWN1 00000028

Symbol: DOWN1
   Definitions
      At line 26 in file q2.s
   Uses
      At line 22 in file q2.s
Comment: DOWN1 used once
FACT 0000000E

Symbol: FACT
   Definitions
      At line 17 in file q2.s
   Uses
      At line 14 in file q2.s
      At line 24 in file q2.s

NUM 00000030

Symbol: NUM
   Definitions
      At line 28 in file q2.s
   Uses
      At line 11 in file q2.s
Comment: NUM used once
Reset_Handler 00000000

Symbol: Reset_Handler
   Definitions
      At line 10 in file q2.s
   Uses
      At line 5 in file q2.s
      At line 9 in file q2.s

STOP 0000000C

Symbol: STOP
   Definitions
      At line 16 in file q2.s
   Uses
      At line 16 in file q2.s
Comment: STOP used once
mycode 00000000

Symbol: mycode
   Definitions
      At line 7 in file q2.s
   Uses
      None
Comment: mycode unused
7 symbols



ARM Macro Assembler    Page 1 Alphabetic symbol ordering
Relocatable symbols

DST 00000000

Symbol: DST
   Definitions
      At line 30 in file q2.s
   Uses
      At line 13 in file q2.s
Comment: DST used once
mydata 00000000

Symbol: mydata
   Definitions
      At line 29 in file q2.s
   Uses
      None
Comment: mydata unused
2 symbols
344 symbols in table
