


ARM Macro Assembler    Page 1 


    1 00000000                 AREA             RESET, DATA, READONLY
    2 00000000                 EXPORT           __Vectors
    3 00000000         __Vectors
    4 00000000 10001000        DCD              0X10001000
    5 00000004 00000000        DCD              Reset_Handler
    6 00000008                 ALIGN
    7 00000008                 AREA             mycode, CODE, READONLY
    8 00000000                 ENTRY
    9 00000000                 EXPORT           Reset_Handler
   10 00000000         Reset_Handler
   11 00000000 4808            LDR              R0, =SRC
   12 00000002 4909            LDR              R1, =DST
   13 00000004 F04F 0202       MOV              R2, #2
   14 00000008 F810 3B01 
                       LOOP    LDRB             R3, [R0], #1
   15 0000000C F810 4B01       LDRB             R4, [R0], #1
   16 00000010 EA4F 1404       LSL              R4, #4
   17 00000014 4423            ADD              R3,R4
   18 00000016 F801 3B01       STRB             R3, [R1], #1
   19 0000001A 3A01            SUBS             R2, #1
   20 0000001C D1F4            BNE              LOOP
   21 0000001E E7FE    STOP    B                STOP
   22 00000020 01020304 
                       SRC     DCD              0X01020304
   23 00000024 00000000 
              00000000         AREA             mydata, DATA, READWRITE
   24 00000000 00000000 
                       DST     DCD              0
   25 00000004                 END
Command Line: --debug --xref --cpu=Cortex-M3 --apcs=interwork --depend=.\q1.d -
o.\q1.o -IC:\Keil\ARM\RV31\INC -IC:\Keil\ARM\CMSIS\Include -IC:\Keil\ARM\Inc\NX
P\LPC17xx --predefine="__EVAL SETA 1" --list=.\q1.lst q1.s



ARM Macro Assembler    Page 1 Alphabetic symbol ordering
Relocatable symbols

RESET 00000000

Symbol: RESET
   Definitions
      At line 1 in file q1.s
   Uses
      None
Comment: RESET unused
__Vectors 00000000

Symbol: __Vectors
   Definitions
      At line 3 in file q1.s
   Uses
      At line 2 in file q1.s
Comment: __Vectors used once
2 symbols



ARM Macro Assembler    Page 1 Alphabetic symbol ordering
Relocatable symbols

LOOP 00000008

Symbol: LOOP
   Definitions
      At line 14 in file q1.s
   Uses
      At line 20 in file q1.s
Comment: LOOP used once
Reset_Handler 00000000

Symbol: Reset_Handler
   Definitions
      At line 10 in file q1.s
   Uses
      At line 5 in file q1.s
      At line 9 in file q1.s

SRC 00000020

Symbol: SRC
   Definitions
      At line 22 in file q1.s
   Uses
      At line 11 in file q1.s
Comment: SRC used once
STOP 0000001E

Symbol: STOP
   Definitions
      At line 21 in file q1.s
   Uses
      At line 21 in file q1.s
Comment: STOP used once
mycode 00000000

Symbol: mycode
   Definitions
      At line 7 in file q1.s
   Uses
      None
Comment: mycode unused
5 symbols



ARM Macro Assembler    Page 1 Alphabetic symbol ordering
Relocatable symbols

DST 00000000

Symbol: DST
   Definitions
      At line 24 in file q1.s
   Uses
      At line 12 in file q1.s
Comment: DST used once
mydata 00000000

Symbol: mydata
   Definitions
      At line 23 in file q1.s
   Uses
      None
Comment: mydata unused
2 symbols
342 symbols in table
