


ARM Macro Assembler    Page 1 


    1 00000000                 AREA             RESET, DATA, READONLY
    2 00000000                 EXPORT           __Vectors
    3 00000000         __Vectors
    4 00000000 10001000        DCD              0X10001000
    5 00000004 00000000        DCD              Reset_Handler
    6 00000008                 ALIGN
    7 00000008                 AREA             mycode, CODE, READONLY
    8 00000000                 ENTRY
    9 00000000                 EXPORT           Reset_Handler
   10 00000000         Reset_Handler
   11 00000000 480B            LDR              R0, =SRC
   12 00000002 490C            LDR              R1, =DST
   13 00000004 6802            LDR              R2, [R0]
   14 00000006 F04F 0301       MOV              R3, #1
   15 0000000A F04F 040A       MOV              R4, #10
   16 0000000E F04F 0500       MOV              R5, #0
   17 00000012 F002 070F 
                       L1      AND              R7, R2, #0XF
   18 00000016 FB07 5503       MLA              R5, R7,R3,R5
   19 0000001A FB03 F304       MUL              R3,R4
   20 0000001E EA4F 1212       LSR              R2, #4
   21 00000022 2A00            CMP              R2, #0
   22 00000024 D1F5            BNE              L1
   23 00000026 600D            STR              R5, [R1]
   24 00000028 E7FE    STOP    B                STOP
   25 0000002A 00 00 12345678 
                       SRC     DCD              0X12345678
   26 00000030 00000000 
              00000000         AREA             mydata, DATA, READWRITE
   27 00000000 00000000 
                       DST     DCD              0
   28 00000004                 END
Command Line: --debug --xref --cpu=Cortex-M3 --apcs=interwork --depend=.\q2.d -
o.\q2.o -IC:\Keil\ARM\RV31\INC -IC:\Keil\ARM\CMSIS\Include -IC:\Keil\ARM\Inc\NX
P\LPC17xx --predefine="__EVAL SETA 1" --list=.\q2.lst q2.s



ARM Macro Assembler    Page 1 Alphabetic symbol ordering
Relocatable symbols

RESET 00000000

Symbol: RESET
   Definitions
      At line 1 in file q2.s
   Uses
      None
Comment: RESET unused
__Vectors 00000000

Symbol: __Vectors
   Definitions
      At line 3 in file q2.s
   Uses
      At line 2 in file q2.s
Comment: __Vectors used once
2 symbols



ARM Macro Assembler    Page 1 Alphabetic symbol ordering
Relocatable symbols

L1 00000012

Symbol: L1
   Definitions
      At line 17 in file q2.s
   Uses
      At line 22 in file q2.s
Comment: L1 used once
Reset_Handler 00000000

Symbol: Reset_Handler
   Definitions
      At line 10 in file q2.s
   Uses
      At line 5 in file q2.s
      At line 9 in file q2.s

SRC 0000002C

Symbol: SRC
   Definitions
      At line 25 in file q2.s
   Uses
      At line 11 in file q2.s
Comment: SRC used once
STOP 00000028

Symbol: STOP
   Definitions
      At line 24 in file q2.s
   Uses
      At line 24 in file q2.s
Comment: STOP used once
mycode 00000000

Symbol: mycode
   Definitions
      At line 7 in file q2.s
   Uses
      None
Comment: mycode unused
5 symbols



ARM Macro Assembler    Page 1 Alphabetic symbol ordering
Relocatable symbols

DST 00000000

Symbol: DST
   Definitions
      At line 27 in file q2.s
   Uses
      At line 12 in file q2.s
Comment: DST used once
mydata 00000000

Symbol: mydata
   Definitions
      At line 26 in file q2.s
   Uses
      None
Comment: mydata unused
2 symbols
342 symbols in table
