


ARM Macro Assembler    Page 1 


    1 00000000                 AREA             RESET, DATA, READONLY
    2 00000000                 EXPORT           __Vectors
    3 00000000         __Vectors
    4 00000000 10001000        DCD              0X10001000
    5 00000004 00000000        DCD              Reset_Handler
    6 00000008                 ALIGN
    7 00000008                 AREA             mycode, CODE, READONLY
    8 00000000                 ENTRY
    9 00000000                 EXPORT           Reset_Handler
   10 00000000         Reset_Handler
   11 00000000 481B            LDR              R0, =VAL1
   12 00000002 491C            LDR              R1, =VAL2
   13 00000004 6802            LDR              R2, [R0]
   14 00000006 680B            LDR              R3, [R1]
   15 00000008 F8DF 906C       LDR              R9, =DST1
   16 0000000C F04F 0408       MOV              R4, #8
   17 00000010 F04F 0800       MOV              R8, #0      ;FOR CARRY
   18 00000014 F002 050F 
                       LOOP    AND              R5, R2, #0XF
   19 00000018 F003 060F       AND              R6, R3, #0XF
   20 0000001C 4445            ADD              R5,R8
   21 0000001E F04F 0800       MOV              R8, #0
   22 00000022 4435            ADD              R5, R6
   23 00000024 2D0A            CMP              R5, #0XA
   24 00000026 D303            BLO              L1
   25 00000028 F1A5 050A       SUB              R5, #0XA
   26 0000002C F108 0801       ADD              R8, #1
   27 00000030 F809 5B01 
                       L1      STRB             R5, [R9], #1
   28 00000034 EA4F 1212       LSR              R2, #4
   29 00000038 EA4F 1313       LSR              R3, #4
   30 0000003C 3C01            SUBS             R4, #1
   31 0000003E D1E9            BNE              LOOP
   32 00000040 F000 F801       BL               UNP
   33 00000044 E7FE    STOP    B                STOP
   34 00000046 480C    UNP     LDR              R0,=DST1
   35 00000048 F8DF A030       LDR              R10, =DST2
   36 0000004C F04F 0202       MOV              R2, #2      ;HOLDS THE NUMBER O
                                                            F BYTES TO BE PACKE
                                                            D
   37 00000050 F810 5B01 
                       L2      LDRB             R5, [R0], #1
   38 00000054 F810 6B01       LDRB             R6, [R0], #1
   39 00000058 EA4F 1606       LSL              R6, #4
   40 0000005C 4435            ADD              R5,R6
   41 0000005E F80A 5B01       STRB             R5, [R10], #1
   42 00000062 3A01            SUBS             R2, #1
   43 00000064 D1F4            BNE              L2
   44 00000066 4770            BX               LR
   45 00000068 00000111 
                       VAL1    DCD              0X111
   46 0000006C 00000059 
                       VAL2    DCD              0x59
   47 00000070 00000000 
              00000000 
              00000000 
              00000000 
              00000000         AREA             mydata, DATA, READWRITE
   48 00000000 00000000 



ARM Macro Assembler    Page 2 


                       DST1    DCD              0
   49 00000004 00000000 
                       DST2    DCD              0
   50 00000008                 END
Command Line: --debug --xref --cpu=Cortex-M3 --apcs=interwork --depend=.\q4.d -
o.\q4.o -IC:\Keil\ARM\RV31\INC -IC:\Keil\ARM\CMSIS\Include -IC:\Keil\ARM\Inc\NX
P\LPC17xx --predefine="__EVAL SETA 1" --list=.\q4.lst q4.s



ARM Macro Assembler    Page 1 Alphabetic symbol ordering
Relocatable symbols

RESET 00000000

Symbol: RESET
   Definitions
      At line 1 in file q4.s
   Uses
      None
Comment: RESET unused
__Vectors 00000000

Symbol: __Vectors
   Definitions
      At line 3 in file q4.s
   Uses
      At line 2 in file q4.s
Comment: __Vectors used once
2 symbols



ARM Macro Assembler    Page 1 Alphabetic symbol ordering
Relocatable symbols

L1 00000030

Symbol: L1
   Definitions
      At line 27 in file q4.s
   Uses
      At line 24 in file q4.s
Comment: L1 used once
L2 00000050

Symbol: L2
   Definitions
      At line 37 in file q4.s
   Uses
      At line 43 in file q4.s
Comment: L2 used once
LOOP 00000014

Symbol: LOOP
   Definitions
      At line 18 in file q4.s
   Uses
      At line 31 in file q4.s
Comment: LOOP used once
Reset_Handler 00000000

Symbol: Reset_Handler
   Definitions
      At line 10 in file q4.s
   Uses
      At line 5 in file q4.s
      At line 9 in file q4.s

STOP 00000044

Symbol: STOP
   Definitions
      At line 33 in file q4.s
   Uses
      At line 33 in file q4.s
Comment: STOP used once
UNP 00000046

Symbol: UNP
   Definitions
      At line 34 in file q4.s
   Uses
      At line 32 in file q4.s
Comment: UNP used once
VAL1 00000068

Symbol: VAL1
   Definitions
      At line 45 in file q4.s
   Uses
      At line 11 in file q4.s
Comment: VAL1 used once
VAL2 0000006C




ARM Macro Assembler    Page 2 Alphabetic symbol ordering
Relocatable symbols

Symbol: VAL2
   Definitions
      At line 46 in file q4.s
   Uses
      At line 12 in file q4.s
Comment: VAL2 used once
mycode 00000000

Symbol: mycode
   Definitions
      At line 7 in file q4.s
   Uses
      None
Comment: mycode unused
9 symbols



ARM Macro Assembler    Page 1 Alphabetic symbol ordering
Relocatable symbols

DST1 00000000

Symbol: DST1
   Definitions
      At line 48 in file q4.s
   Uses
      At line 15 in file q4.s
      At line 34 in file q4.s

DST2 00000004

Symbol: DST2
   Definitions
      At line 49 in file q4.s
   Uses
      At line 35 in file q4.s
Comment: DST2 used once
mydata 00000000

Symbol: mydata
   Definitions
      At line 47 in file q4.s
   Uses
      None
Comment: mydata unused
3 symbols
347 symbols in table
