


ARM Macro Assembler    Page 1 


    1 00000000                 AREA             RESET, DATA, READONLY
    2 00000000                 EXPORT           __Vectors
    3 00000000         __Vectors
    4 00000000 10001000        DCD              0X10001000
    5 00000004 00000000        DCD              Reset_Handler
    6 00000008                 ALIGN
    7 00000008                 AREA             mycode, CODE, READONLY
    8 00000000                 ENTRY
    9 00000000                 EXPORT           Reset_Handler
   10 00000000         Reset_Handler
   11 00000000 480B            LDR              R0, =VAL1
   12 00000002 490C            LDR              R1, =VAL2
   13 00000004 4D0C            LDR              R5, =DST
   14 00000006 F850 2B04       LDR              R2, [R0],#4
   15 0000000A F851 3B04       LDR              R3, [R1],#4
   16 0000000E 18D4            ADDS             R4, R2, R3
   17 00000010 F845 4B04       STR              R4, [R5],#4
   18 00000014 6802            LDR              R2, [R0]
   19 00000016 680B            LDR              R3, [R1]
   20 00000018 EB52 0403       ADCS             R4, R2, R3
   21 0000001C 602C            STR              R4, [R5]
   22 0000001E E7FE    STOP    B                STOP
   23 00000020 FFFF1111 
              12341111 VAL1    DCD              0XFFFF1111, 0X12341111
   24 00000028 ABCD1234 
              12345678 VAL2    DCD              0XABCD1234, 0X12345678
   25 00000030 00000000 
              00000000 
              00000000         AREA             mydata, DATA, READWRITE
   26 00000000 00000000 
              00000000 DST     DCD              0,0
   27 00000008                 END
Command Line: --debug --xref --cpu=Cortex-M3 --apcs=interwork --depend=.\add.d 
-o.\add.o -IC:\Keil\ARM\RV31\INC -IC:\Keil\ARM\CMSIS\Include -IC:\Keil\ARM\Inc\
NXP\LPC17xx --predefine="__EVAL SETA 1" --list=.\add.lst add.s



ARM Macro Assembler    Page 1 Alphabetic symbol ordering
Relocatable symbols

RESET 00000000

Symbol: RESET
   Definitions
      At line 1 in file add.s
   Uses
      None
Comment: RESET unused
__Vectors 00000000

Symbol: __Vectors
   Definitions
      At line 3 in file add.s
   Uses
      At line 2 in file add.s
Comment: __Vectors used once
2 symbols



ARM Macro Assembler    Page 1 Alphabetic symbol ordering
Relocatable symbols

Reset_Handler 00000000

Symbol: Reset_Handler
   Definitions
      At line 10 in file add.s
   Uses
      At line 5 in file add.s
      At line 9 in file add.s

STOP 0000001E

Symbol: STOP
   Definitions
      At line 22 in file add.s
   Uses
      At line 22 in file add.s
Comment: STOP used once
VAL1 00000020

Symbol: VAL1
   Definitions
      At line 23 in file add.s
   Uses
      At line 11 in file add.s
Comment: VAL1 used once
VAL2 00000028

Symbol: VAL2
   Definitions
      At line 24 in file add.s
   Uses
      At line 12 in file add.s
Comment: VAL2 used once
mycode 00000000

Symbol: mycode
   Definitions
      At line 7 in file add.s
   Uses
      None
Comment: mycode unused
5 symbols



ARM Macro Assembler    Page 1 Alphabetic symbol ordering
Relocatable symbols

DST 00000000

Symbol: DST
   Definitions
      At line 26 in file add.s
   Uses
      At line 13 in file add.s
Comment: DST used once
mydata 00000000

Symbol: mydata
   Definitions
      At line 25 in file add.s
   Uses
      None
Comment: mydata unused
2 symbols
342 symbols in table
