


ARM Macro Assembler    Page 1 


    1 00000000                 AREA             RESET, DATA, READONLY
    2 00000000                 EXPORT           __Vectors
    3 00000000         __Vectors
    4 00000000 10001000        DCD              0X10001000
    5 00000004 00000000        DCD              Reset_Handler
    6 00000008                 ALIGN
    7 00000008                 AREA             mycode, CODE, READONLY
    8 00000000                 ENTRY
    9 00000000                 EXPORT           Reset_Handler
   10 00000000         Reset_Handler
   11 00000000 480B            LDR              R0, =N
   12 00000002 490C            LDR              R1, =DST
   13 00000004 6802            LDR              R2,[R0]
   14 00000006 F1A2 0202       SUB              R2,#2       ;COUNTER DECREMENTE
                                                            D BY 2
   15 0000000A F04F 0301       MOV              R3, #1
   16 0000000E F04F 0401       MOV              R4, #1
   17 00000012 F841 3B04       STR              R3, [R1],#4
   18 00000016 F841 4B04       STR              R4,[R1],#4
   19 0000001A EB04 0503 
                       L1      ADD              R5,R4,R3
   20 0000001E F841 5B04       STR              R5,[R1],#4
   21 00000022 4623            MOV              R3, R4
   22 00000024 462C            MOV              R4,R5
   23 00000026 3A01            SUBS             R2,#1
   24 00000028 D2F7            BCS              L1
   25 0000002A E7FE    STOP    B                STOP
   26 0000002C 0000000A 
                       N       DCD              10
   27 00000030 00000000 
              00000000         AREA             mydata, DATA, READWRITE
   28 00000000 00000000 
                       DST     DCD              0
   29 00000004                 END
Command Line: --debug --xref --cpu=Cortex-M3 --apcs=interwork --depend=.\fibona
cci.d -o.\fibonacci.o -IC:\Keil\ARM\RV31\INC -IC:\Keil\ARM\CMSIS\Include -IC:\K
eil\ARM\Inc\NXP\LPC17xx --predefine="__EVAL SETA 1" --list=.\fibonacci.lst fibo
nacci.s



ARM Macro Assembler    Page 1 Alphabetic symbol ordering
Relocatable symbols

RESET 00000000

Symbol: RESET
   Definitions
      At line 1 in file fibonacci.s
   Uses
      None
Comment: RESET unused
__Vectors 00000000

Symbol: __Vectors
   Definitions
      At line 3 in file fibonacci.s
   Uses
      At line 2 in file fibonacci.s
Comment: __Vectors used once
2 symbols



ARM Macro Assembler    Page 1 Alphabetic symbol ordering
Relocatable symbols

L1 0000001A

Symbol: L1
   Definitions
      At line 19 in file fibonacci.s
   Uses
      At line 24 in file fibonacci.s
Comment: L1 used once
N 0000002C

Symbol: N
   Definitions
      At line 26 in file fibonacci.s
   Uses
      At line 11 in file fibonacci.s
Comment: N used once
Reset_Handler 00000000

Symbol: Reset_Handler
   Definitions
      At line 10 in file fibonacci.s
   Uses
      At line 5 in file fibonacci.s
      At line 9 in file fibonacci.s

STOP 0000002A

Symbol: STOP
   Definitions
      At line 25 in file fibonacci.s
   Uses
      At line 25 in file fibonacci.s
Comment: STOP used once
mycode 00000000

Symbol: mycode
   Definitions
      At line 7 in file fibonacci.s
   Uses
      None
Comment: mycode unused
5 symbols



ARM Macro Assembler    Page 1 Alphabetic symbol ordering
Relocatable symbols

DST 00000000

Symbol: DST
   Definitions
      At line 28 in file fibonacci.s
   Uses
      At line 12 in file fibonacci.s
Comment: DST used once
mydata 00000000

Symbol: mydata
   Definitions
      At line 27 in file fibonacci.s
   Uses
      None
Comment: mydata unused
2 symbols
342 symbols in table
