


ARM Macro Assembler    Page 1 


    1 00000000                 AREA             RESET, DATA, READONLY
    2 00000000                 EXPORT           __Vectors
    3 00000000         __Vectors
    4 00000000 10001000        DCD              0X10001000
    5 00000004 00000000        DCD              Reset_Handler
    6 00000008                 ALIGN
    7 00000008                 AREA             mycode, CODE, READONLY
    8 00000000                 ENTRY
    9 00000000                 EXPORT           Reset_Handler
   10 00000000         Reset_Handler
   11 00000000 4806            LDR              R0, =VAL1
   12 00000002 6801            LDR              R1, [R0]
   13 00000004 4806            LDR              R0, =VAL2
   14 00000006 6802            LDR              R2, [R0]
   15 00000008 4B06            LDR              R3, =DST
   16 0000000A EBA1 0402       SUB              R4, R1,R2
   17 0000000E 601C            STR              R4, [R3]
   18 00000010 E7FE    STOP    B                STOP
   19 00000012 00 00 FFFF1111 
                       VAL1    DCD              0XFFFF1111
   20 00000018 ABCD1234 
                       VAL2    DCD              0XABCD1234
   21 0000001C 00000000 
              00000000 
              00000000         AREA             mydata, DATA, READWRITE
   22 00000000 00000000 
                       DST     DCD              0
   23 00000004                 END
Command Line: --debug --xref --cpu=Cortex-M3 --apcs=interwork --depend=.\sub.d 
-o.\sub.o -IC:\Keil\ARM\RV31\INC -IC:\Keil\ARM\CMSIS\Include -IC:\Keil\ARM\Inc\
NXP\LPC17xx --predefine="__EVAL SETA 1" --list=.\sub.lst sub.s



ARM Macro Assembler    Page 1 Alphabetic symbol ordering
Relocatable symbols

RESET 00000000

Symbol: RESET
   Definitions
      At line 1 in file sub.s
   Uses
      None
Comment: RESET unused
__Vectors 00000000

Symbol: __Vectors
   Definitions
      At line 3 in file sub.s
   Uses
      At line 2 in file sub.s
Comment: __Vectors used once
2 symbols



ARM Macro Assembler    Page 1 Alphabetic symbol ordering
Relocatable symbols

Reset_Handler 00000000

Symbol: Reset_Handler
   Definitions
      At line 10 in file sub.s
   Uses
      At line 5 in file sub.s
      At line 9 in file sub.s

STOP 00000010

Symbol: STOP
   Definitions
      At line 18 in file sub.s
   Uses
      At line 18 in file sub.s
Comment: STOP used once
VAL1 00000014

Symbol: VAL1
   Definitions
      At line 19 in file sub.s
   Uses
      At line 11 in file sub.s
Comment: VAL1 used once
VAL2 00000018

Symbol: VAL2
   Definitions
      At line 20 in file sub.s
   Uses
      At line 13 in file sub.s
Comment: VAL2 used once
mycode 00000000

Symbol: mycode
   Definitions
      At line 7 in file sub.s
   Uses
      None
Comment: mycode unused
5 symbols



ARM Macro Assembler    Page 1 Alphabetic symbol ordering
Relocatable symbols

DST 00000000

Symbol: DST
   Definitions
      At line 22 in file sub.s
   Uses
      At line 15 in file sub.s
Comment: DST used once
mydata 00000000

Symbol: mydata
   Definitions
      At line 21 in file sub.s
   Uses
      None
Comment: mydata unused
2 symbols
342 symbols in table
