


ARM Macro Assembler    Page 1 


    1 00000000                 AREA             RESET, DATA, READONLY
    2 00000000                 EXPORT           __Vectors
    3 00000000         __Vectors
    4 00000000 10001000        DCD              0X10001000
    5 00000004 00000000        DCD              Reset_Handler
    6 00000008                 ALIGN
    7 00000008                 AREA             mycode, CODE, READONLY
    8 00000000                 ENTRY
    9 00000000                 EXPORT           Reset_Handler
   10 00000000         Reset_Handler
   11 00000000 4805            LDR              R0, =N
   12 00000002 6801            LDR              R1, [R0]
   13 00000004 4A05            LDR              R2, =DST
   14 00000006 FB01 1401       MLA              R4,R1, R1,R1
   15 0000000A EA4F 0454       LSR              R4, R4, #1
   16 0000000E 6014            STR              R4,[R2]
   17 00000010 E7FE    STOP    B                STOP
   18 00000012 00 00 0000000A 
                       N       DCD              10
   19 00000018 00000000 
              00000000         AREA             mydata, DATA, READWRITE
   20 00000000 00000000 
                       DST     DCD              0
   21 00000004                 END
Command Line: --debug --xref --cpu=Cortex-M3 --apcs=interwork --depend=.\sumn.d
 -o.\sumn.o -IC:\Keil\ARM\RV31\INC -IC:\Keil\ARM\CMSIS\Include -IC:\Keil\ARM\In
c\NXP\LPC17xx --predefine="__EVAL SETA 1" --list=.\sumn.lst sumn.s



ARM Macro Assembler    Page 1 Alphabetic symbol ordering
Relocatable symbols

RESET 00000000

Symbol: RESET
   Definitions
      At line 1 in file sumn.s
   Uses
      None
Comment: RESET unused
__Vectors 00000000

Symbol: __Vectors
   Definitions
      At line 3 in file sumn.s
   Uses
      At line 2 in file sumn.s
Comment: __Vectors used once
2 symbols



ARM Macro Assembler    Page 1 Alphabetic symbol ordering
Relocatable symbols

N 00000014

Symbol: N
   Definitions
      At line 18 in file sumn.s
   Uses
      At line 11 in file sumn.s
Comment: N used once
Reset_Handler 00000000

Symbol: Reset_Handler
   Definitions
      At line 10 in file sumn.s
   Uses
      At line 5 in file sumn.s
      At line 9 in file sumn.s

STOP 00000010

Symbol: STOP
   Definitions
      At line 17 in file sumn.s
   Uses
      At line 17 in file sumn.s
Comment: STOP used once
mycode 00000000

Symbol: mycode
   Definitions
      At line 7 in file sumn.s
   Uses
      None
Comment: mycode unused
4 symbols



ARM Macro Assembler    Page 1 Alphabetic symbol ordering
Relocatable symbols

DST 00000000

Symbol: DST
   Definitions
      At line 20 in file sumn.s
   Uses
      At line 13 in file sumn.s
Comment: DST used once
mydata 00000000

Symbol: mydata
   Definitions
      At line 19 in file sumn.s
   Uses
      None
Comment: mydata unused
2 symbols
341 symbols in table
