


ARM Macro Assembler    Page 1 


    1 00000000                 AREA             RESET, DATA, READONLY
    2 00000000                 EXPORT           __Vectors
    3 00000000         __Vectors
    4 00000000 10001000        DCD              0x10001000
    5 00000004 00000000        DCD              Reset_Handler
    6 00000008                 ALIGN
    7 00000008                 AREA             mycode, CODE, READONLY
    8 00000000                 ENTRY
    9 00000000                 EXPORT           Reset_Handler
   10 00000000         Reset_Handler
   11 00000000        0 
                       VAR1    RN               R0
   12 00000000        1 
                       VAR2    RN               R1
   13 00000000 4806            LDR              VAR1, =SRC
   14 00000002 4907            LDR              VAR2, =DST
   15 00000004 00000004 
                       FOUR    EQU              4
   16 00000004 F850 2B04       LDR              R2, [VAR1], FOUR
   17 00000008 F841 2B04       STR              R2, [VAR2], FOUR
   18 0000000C F850 2B04       LDR              R2, [VAR1], FOUR
   19 00000010 F841 2B04       STR              R2, [VAR2], FOUR
   20 00000014        2 
                       VAR3    RN               R2
   21 00000014 6802            LDR              VAR3, [VAR1]
   22 00000016 600A            STR              VAR3, [VAR2]
   23 00000018 E7FE    STOP    B                STOP
   24 0000001A 00 00 00000000 
              00000000         AREA             mydata1, DATA, READONLY
   25 00000000 05 00 06 
              00 07 00 SRC     DCWU             5, 6, 7
   26 00000006                 AREA             mydata2, DATA, READWRITE
   27 00000000 00 00 00 
              00 00 00 
              00 00 00 
              00 00 00 DST     SPACE            12
   28 0000000C                 END
Command Line: --debug --xref --cpu=Cortex-M3 --apcs=interwork --depend=.\q1.d -
o.\q1.o -IC:\Keil\ARM\RV31\INC -IC:\Keil\ARM\CMSIS\Include -IC:\Keil\ARM\Inc\NX
P\LPC17xx --predefine="__EVAL SETA 1" --list=.\q1.lst q1.s



ARM Macro Assembler    Page 1 Alphabetic symbol ordering
Relocatable symbols

RESET 00000000

Symbol: RESET
   Definitions
      At line 1 in file q1.s
   Uses
      None
Comment: RESET unused
__Vectors 00000000

Symbol: __Vectors
   Definitions
      At line 3 in file q1.s
   Uses
      At line 2 in file q1.s
Comment: __Vectors used once
2 symbols



ARM Macro Assembler    Page 1 Alphabetic symbol ordering
Relocatable symbols

Reset_Handler 00000000

Symbol: Reset_Handler
   Definitions
      At line 10 in file q1.s
   Uses
      At line 5 in file q1.s
      At line 9 in file q1.s

STOP 00000018

Symbol: STOP
   Definitions
      At line 23 in file q1.s
   Uses
      At line 23 in file q1.s
Comment: STOP used once
mycode 00000000

Symbol: mycode
   Definitions
      At line 7 in file q1.s
   Uses
      None
Comment: mycode unused
3 symbols



ARM Macro Assembler    Page 1 Alphabetic symbol ordering
Relocatable symbols

SRC 00000000

Symbol: SRC
   Definitions
      At line 25 in file q1.s
   Uses
      At line 13 in file q1.s
Comment: SRC used once
mydata1 00000000

Symbol: mydata1
   Definitions
      At line 24 in file q1.s
   Uses
      None
Comment: mydata1 unused
2 symbols



ARM Macro Assembler    Page 1 Alphabetic symbol ordering
Relocatable symbols

DST 00000000

Symbol: DST
   Definitions
      At line 27 in file q1.s
   Uses
      At line 14 in file q1.s
Comment: DST used once
mydata2 00000000

Symbol: mydata2
   Definitions
      At line 26 in file q1.s
   Uses
      None
Comment: mydata2 unused
2 symbols



ARM Macro Assembler    Page 1 Alphabetic symbol ordering
Absolute symbols

FOUR 00000004

Symbol: FOUR
   Definitions
      At line 15 in file q1.s
   Uses
      At line 16 in file q1.s
      At line 17 in file q1.s
      At line 18 in file q1.s
      At line 19 in file q1.s

1 symbol
346 symbols in table
